[LOG] SystemI::init                            : FMOD Studio Version: 00010800 (73592)
[LOG] SystemI::init                            : maxchannels = 1024, flags = 00030000, extradriverdata = 0x0
[LOG] SystemI::close                           : 
[LOG] SystemI::close                           : Stop all sounds
[LOG] SystemI::close                           : done.

[LOG] OutputCoreAudio::enumerate               : Enumerating...
[LOG] OutputCoreAudio::enumerate               : Found output driver: "Built-in Output".
[LOG] OutputCoreAudio::enumerate               : Found output driver: "BoomDevice".
[LOG] OutputCoreAudio::enumerate               : Found output driver: "Dispositivo agregado".
[LOG] OutputCoreAudio::enumerate               : Done.
[LOG] OutputCoreAudio::init                    : Output running 2 channels at 48000Hz sample rate.
[LOG] OutputCoreAudio::init                    : Maximum hardware read size: 1024 samples, Software buffer size: 512 samples, Number of software buffers: 4.
[LOG] Thread::initThread                       : Initializing FMOD mixer thread.  priority 3
[LOG] Thread::initThread                       : - Stacksize 49152.  Stack pointer 0x0 : usesemaphore = 1 : sleeptime = 0
[LOG] Thread::callback                         : * FMOD mixer thread started
[LOG] SystemI::init                            : Set up emulated output
[LOG] SystemI::init                            : create the channel pool
[LOG] Thread::initThread                       : Initializing FMOD stream thread.  priority 2
[LOG] Thread::initThread                       : - Stacksize 65536.  Stack pointer 0x0 : usesemaphore = 0 : sleeptime = 10
[LOG] Thread::callback                         : * FMOD stream thread started
[LOG] Thread::initThread                       : Initializing FMOD Studio update thread.  priority 0
[LOG] Thread::initThread                       : - Stacksize 65536.  Stack pointer 0x0 : usesemaphore = 0 : sleeptime = 1
[LOG] Thread::callback                         : * FMOD Studio update thread started
[LOG] Thread::initThread                       : Initializing FMOD Studio sample load thread.  priority 0
[LOG] Thread::initThread                       : - Stacksize 65536.  Stack pointer 0x0 : usesemaphore = 0 : sleeptime = 1
[LOG] Thread::callback                         : * FMOD Studio sample load thread started
[LOG] LiveUpdate::init                         : 
[LOG] Thread::initThread                       : Initializing FMOD Studio bank load thread.  priority 0
[LOG] Thread::initThread                       : - Stacksize 65536.  Stack pointer 0x0 : usesemaphore = 0 : sleeptime = 1
[LOG] Thread::callback                         : * FMOD Studio bank load thread started
[LOG] Profile::init                            : Profiler listening on port: 9264
[LOG] Manager::readBank                        : fileversion = 74, compatVersion = 70 (oldest = 44, newest = 72)
[LOG] Manager::readBank                        : fileversion = 74, compatVersion = 70 (oldest = 44, newest = 72)
[LOG] Manager::readBank                        : fileversion = 74, compatVersion = 70 (oldest = 44, newest = 72)
[LOG] SystemI::createSoundInternal             : filename =  : mode 0a000202
[LOG] SystemI::createSoundInternal             : exinfo->cbsize             = 232
[LOG] SystemI::createSoundInternal             : exinfo->length             = 1224384
[LOG] SystemI::createSoundInternal             : exinfo->fileoffset         = 6816
[LOG] SystemI::createSoundInternal             : exinfo->numsubsounds       = 1
[LOG] SystemI::createSoundInternal             : exinfo->inclusionlist      = 0x12bf96b80
[LOG] SystemI::createSoundInternal             : exinfo->inclusionlistnum   = 1
[LOG] SystemI::createSoundInternal             : exinfo->suggestedsoundtype = 5
[LOG] SystemI::createSoundInternal             : exinfo->useropen           = 0x148bd981e
[LOG] SystemI::createSoundInternal             : exinfo->userclose          = 0x148bd98e9
[LOG] SystemI::createSoundInternal             : exinfo->userread           = 0x148bd9919
[LOG] SystemI::createSoundInternal             : exinfo->userseek           = 0x148bd99b6
[LOG] SystemI::createSoundInternal             : exinfo->fileuserdata       = 0x147e1e1f8
[LOG] SystemI::createSoundInternal             : exinfo->initialseekpostype = 1
[LOG] SystemI::createSoundInternal             : Format has 1 subsounds.
[LOG] SystemI::createSoundInternal             : Create as FMOD_CREATESAMPLE
[LOG] SystemI::createSoundInternal             : Multi-sample sound (1 subsounds), create a sample container.
[LOG] SystemI::createSoundInternal             : creating subsound 0/1
[LOG] SystemI::createSample                    : mode 0a000202 length 383969 samples, lengthbytes 33632
[LOG] SystemI::createSample                    : channels = 2
[LOG] SystemI::createSample                    : output = 0x13e743fd8
[LOG] OutputSoftware::createSample             : lengthpcm 383969, lengthbytes 33632, channels 2, format 2, freq 48000, mode 0a00020a
[LOG] SystemI::createSoundInternal             : done.  OpenState now = FMOD_OPENSTATE_READY.

[LOG] SystemI::createSoundInternal             : filename =  : mode 0a000202
[LOG] SystemI::createSoundInternal             : exinfo->cbsize             = 232
[LOG] SystemI::createSoundInternal             : exinfo->length             = 4480
[LOG] SystemI::createSoundInternal             : exinfo->fileoffset         = 10560
[LOG] SystemI::createSoundInternal             : exinfo->numsubsounds       = 1
[LOG] SystemI::createSoundInternal             : exinfo->inclusionlist      = 0x12bf96b80
[LOG] SystemI::createSoundInternal             : exinfo->inclusionlistnum   = 1
[LOG] SystemI::createSoundInternal             : exinfo->suggestedsoundtype = 5
[LOG] SystemI::createSoundInternal             : exinfo->useropen           = 0x148bd981e
[LOG] SystemI::createSoundInternal             : exinfo->userclose          = 0x148bd98e9
[LOG] SystemI::createSoundInternal             : exinfo->userread           = 0x148bd9919
[LOG] SystemI::createSoundInternal             : exinfo->userseek           = 0x148bd99b6
[LOG] SystemI::createSoundInternal             : exinfo->fileuserdata       = 0x10abdba28
[LOG] SystemI::createSoundInternal             : exinfo->initialseekpostype = 1
[LOG] SystemI::createSoundInternal             : Format has 1 subsounds.
[LOG] SystemI::createSoundInternal             : Create as FMOD_CREATESAMPLE
[LOG] SystemI::createSoundInternal             : Multi-sample sound (1 subsounds), create a sample container.
[LOG] SystemI::createSoundInternal             : creating subsound 0/1
[LOG] SystemI::createSample                    : mode 0a000202 length 18577 samples, lengthbytes 4320
[LOG] SystemI::createSample                    : channels = 2
[LOG] SystemI::createSample                    : output = 0x13e743fd8
[LOG] OutputSoftware::createSample             : lengthpcm 18577, lengthbytes 4320, channels 2, format 2, freq 48000, mode 0a00020a
[LOG] SystemI::createSoundInternal             : done.  OpenState now = FMOD_OPENSTATE_READY.

[LOG] SystemI::createSoundInternal             : filename =  : mode 0a000202
[LOG] SystemI::createSoundInternal             : exinfo->cbsize             = 232
[LOG] SystemI::createSoundInternal             : exinfo->length             = 1224384
[LOG] SystemI::createSoundInternal             : exinfo->fileoffset         = 6816
[LOG] SystemI::createSoundInternal             : exinfo->numsubsounds       = 1
[LOG] SystemI::createSoundInternal             : exinfo->inclusionlist      = 0x12bf96b80
[LOG] SystemI::createSoundInternal             : exinfo->inclusionlistnum   = 1
[LOG] SystemI::createSoundInternal             : exinfo->suggestedsoundtype = 5
[LOG] SystemI::createSoundInternal             : exinfo->useropen           = 0x148bd981e
[LOG] SystemI::createSoundInternal             : exinfo->userclose          = 0x148bd98e9
[LOG] SystemI::createSoundInternal             : exinfo->userread           = 0x148bd9919
[LOG] SystemI::createSoundInternal             : exinfo->userseek           = 0x148bd99b6
[LOG] SystemI::createSoundInternal             : exinfo->fileuserdata       = 0x149681718
[LOG] SystemI::createSoundInternal             : exinfo->initialseekpostype = 1
[LOG] SystemI::createSoundInternal             : Format has 1 subsounds.
[LOG] SystemI::createSoundInternal             : Create as FMOD_CREATESAMPLE
[LOG] SystemI::createSoundInternal             : Multi-sample sound (1 subsounds), create a sample container.
[LOG] SystemI::createSoundInternal             : creating subsound 0/1
[LOG] SystemI::createSample                    : mode 0a000202 length 194351 samples, lengthbytes 41440
[LOG] SystemI::createSample                    : channels = 2
[LOG] SystemI::createSample                    : output = 0x13e743fd8
[LOG] OutputSoftware::createSample             : lengthpcm 194351, lengthbytes 41440, channels 2, format 2, freq 48000, mode 0a00020a
[LOG] SystemI::createSoundInternal             : done.  OpenState now = FMOD_OPENSTATE_READY.

[LOG] SoundI::release                          : (null) (0x132457928)
[LOG] SoundI::release                          : release subsounds. (0x132457928)
[LOG] SoundI::release                          :     (null) (0x132362858)
[LOG] SoundI::release                          : release codec. (0x132457928)
[LOG] SoundI::release                          : (null) (0x13bce1dd8)
[LOG] SoundI::release                          : release subsounds. (0x13bce1dd8)
[LOG] SoundI::release                          :     (null) (0x149613ce8)
[LOG] SoundI::release                          : release codec. (0x13bce1dd8)
[LOG] SoundI::release                          : (null) (0x147c95198)
[LOG] SoundI::release                          : release subsounds. (0x147c95198)
[LOG] SoundI::release                          :     (null) (0x147c952f8)
[LOG] SoundI::release                          : release codec. (0x147c95198)
[LOG] Thread::callback                         : * FMOD Studio update thread finished
[LOG] Thread::close                            : FMOD Studio update thread thread destroyed
[LOG] Thread::callback                         : * FMOD Studio bank load thread finished
[LOG] Thread::close                            : FMOD Studio bank load thread thread destroyed
[LOG] Profile::disconnectAll                   : Profiler disconnecting all clients
[LOG] Thread::callback                         : * FMOD Studio sample load thread finished
[LOG] Thread::close                            : FMOD Studio sample load thread thread destroyed
[LOG] LiveUpdate::release                      : 
[LOG] SystemI::close                           : 
[LOG] SystemI::close                           : Stop all sounds
[LOG] Thread::callback                         : * FMOD stream thread finished
[LOG] Thread::close                            : FMOD stream thread thread destroyed
[LOG] SystemI::close                           : Stream thread destroyed
[LOG] Thread::callback                         : * FMOD mixer thread finished
[LOG] Thread::close                            : FMOD mixer thread thread destroyed
[LOG] SystemI::close                           : Free master channel group.
[LOG] SystemI::close                           : Remove 'master' sound group.
[LOG] SystemI::close                           : Free software output.
[LOG] SystemI::close                           : Free emulated output.
[LOG] SystemI::close                           : Free channel pool.
[LOG] SystemI::close                           : done.

