[LOG] System::create                           : Header version = 1.08.00. Current version = 1.08.00.
[LOG] SystemI::init                            : FMOD Studio Version: 00010800 (73592)
[LOG] SystemI::init                            : maxchannels = 256, flags = 00020000, extradriverdata = 0x0
[LOG] SystemI::close                           : 
[LOG] SystemI::close                           : Stop all sounds
[LOG] SystemI::close                           : done.

[LOG] OutputCoreAudio::enumerate               : Enumerating...
[LOG] OutputCoreAudio::enumerate               : Found output driver: "Built-in Output".
[LOG] OutputCoreAudio::enumerate               : Found output driver: "BoomDevice".
[LOG] OutputCoreAudio::enumerate               : Found output driver: "Dispositivo agregado".
[LOG] OutputCoreAudio::enumerate               : Done.
[LOG] OutputCoreAudio::init                    : Output running 2 channels at 48000Hz sample rate.
[LOG] OutputCoreAudio::init                    : Maximum hardware read size: 1024 samples, Software buffer size: 512 samples, Number of software buffers: 4.
[LOG] Thread::initThread                       : Initializing FMOD mixer thread.  priority 3
[LOG] Thread::initThread                       : - Stacksize 49152.  Stack pointer 0x0 : usesemaphore = 1 : sleeptime = 0
[LOG] Thread::callback                         : * FMOD mixer thread started
[LOG] SystemI::init                            : Set up emulated output
[LOG] SystemI::init                            : create the channel pool
[LOG] Thread::initThread                       : Initializing FMOD stream thread.  priority 2
[LOG] Thread::initThread                       : - Stacksize 65536.  Stack pointer 0x0 : usesemaphore = 0 : sleeptime = 10
[LOG] Thread::callback                         : * FMOD stream thread started
[LOG] Thread::initThread                       : Initializing FMOD Studio sample load thread.  priority 0
[LOG] Thread::initThread                       : - Stacksize 65536.  Stack pointer 0x0 : usesemaphore = 0 : sleeptime = 1
[LOG] Thread::callback                         : * FMOD Studio sample load thread started
[LOG] Thread::initThread                       : Initializing FMOD Studio bank load thread.  priority 0
[LOG] Thread::initThread                       : - Stacksize 65536.  Stack pointer 0x0 : usesemaphore = 0 : sleeptime = 1
[LOG] Thread::callback                         : * FMOD Studio bank load thread started
[LOG] Manager::readBank                        : fileversion = 74, compatVersion = 70 (oldest = 44, newest = 72)
[LOG] Manager::readBank                        : fileversion = 74, compatVersion = 70 (oldest = 44, newest = 72)
[LOG] Manager::readBank                        : fileversion = 74, compatVersion = 70 (oldest = 44, newest = 72)
[LOG] Manager::readBank                        : fileversion = 74, compatVersion = 70 (oldest = 44, newest = 72)
[WRN] ObjectLookup::get                        : Lookup failed for BusWithInputs: {173bf5a5-99d9-4bee-b9d8-77a1c1153757}
[WRN] ObjectLookup::get                        : Lookup failed for BusWithInputs: {173bf5a5-99d9-4bee-b9d8-77a1c1153757}
[WRN] ObjectLookup::get                        : Lookup failed for BusWithInputs: {173bf5a5-99d9-4bee-b9d8-77a1c1153757}
[WRN] ObjectLookup::get                        : Lookup failed for BusWithInputs: {173bf5a5-99d9-4bee-b9d8-77a1c1153757}
[WRN] ObjectLookup::get                        : Lookup failed for BusWithInputs: {173bf5a5-99d9-4bee-b9d8-77a1c1153757}
[WRN] ObjectLookup::get                        : Lookup failed for BusWithSends: {9321bb13-d2e5-49b3-9436-3ea4b14194ca}
[WRN] ObjectLookup::get                        : Lookup failed for BusWithSends: {9321bb13-d2e5-49b3-9436-3ea4b14194ca}
[WRN] ObjectLookup::get                        : Lookup failed for BusWithSends: {9321bb13-d2e5-49b3-9436-3ea4b14194ca}
[WRN] ObjectLookup::get                        : Lookup failed for BusWithSends: {9321bb13-d2e5-49b3-9436-3ea4b14194ca}
[LOG] Manager::readBank                        : fileversion = 74, compatVersion = 70 (oldest = 44, newest = 72)
[LOG] Thread::callback                         : * FMOD Studio bank load thread finished
[LOG] Thread::close                            : FMOD Studio bank load thread thread destroyed
[LOG] Thread::callback                         : * FMOD Studio sample load thread finished
[LOG] Thread::close                            : FMOD Studio sample load thread thread destroyed
[LOG] LiveUpdate::release                      : 
[LOG] SystemI::close                           : 
[LOG] SystemI::close                           : Stop all sounds
[LOG] Thread::callback                         : * FMOD stream thread finished
[LOG] Thread::close                            : FMOD stream thread thread destroyed
[LOG] SystemI::close                           : Stream thread destroyed
[LOG] Thread::callback                         : * FMOD mixer thread finished
[LOG] Thread::close                            : FMOD mixer thread thread destroyed
[LOG] SystemI::close                           : Free master channel group.
[LOG] SystemI::close                           : Remove 'master' sound group.
[LOG] SystemI::close                           : Free software output.
[LOG] SystemI::close                           : Free emulated output.
[LOG] SystemI::close                           : Free channel pool.
[LOG] SystemI::close                           : done.

[LOG] System::create                           : Header version = 1.08.00. Current version = 1.08.00.
